<?xml version="1.0" encoding="UTF-8"?>
<testsuite name="RectangleTest" tests="2" skipped="0" failures="0" errors="0" timestamp="2022-07-04T16:35:50" hostname="LAPTOP-76M080U7" time="0.017">
  <properties/>
  <testcase name="shouldReturnArea12WhenLengthIs3AndBreadthIs4()" classname="RectangleTest" time="0.016"/>
  <testcase name="shouldReturnPerimeterWhenLengthAndBreadthIsGiven()" classname="RectangleTest" time="0.0"/>
  <system-out><![CDATA[]]></system-out>
  <system-err><![CDATA[]]></system-err>
</testsuite>
